{"uid":"b57a155970468adb","name":"test_hrms_login","fullName":"tests.test_login#test_hrms_login","historyId":"c7b32296f392509c108f5fb5a301832b","time":{"start":1764415885404,"stop":1764415961911,"duration":76507},"description":"Test successful login with valid credentials from JSON","descriptionHtml":"<p>Test successful login with valid credentials from JSON</p>\n","status":"failed","statusMessage":"AssertionError: Login failed!\nassert False\n +  where False = login_to_hrms()\n +    where login_to_hrms = <actions.login_actions.LoginActions object at 0x7fd3e7ec5130>.login_to_hrms","statusTrace":"driver = <selenium.webdriver.chrome.webdriver.WebDriver (session=\"2a93ec45b794ba763e0efa04c3c6d84b\")>\nbase_url = 'http://phyelements.com'\n\n    @allure.feature(\"Login\")\n    @allure.story(\"HRMS Google Login\")\n    def test_hrms_login(driver, base_url):\n        \"\"\"Test successful login with valid credentials from JSON\"\"\"\n        login = LoginActions(driver, base_url)\n    \n        with allure.step(\"Perform Google Login\"):\n>           assert login.login_to_hrms(), \"Login failed!\"\nE           AssertionError: Login failed!\nE           assert False\nE            +  where False = login_to_hrms()\nE            +    where login_to_hrms = <actions.login_actions.LoginActions object at 0x7fd3e7ec5130>.login_to_hrms\n\ntests/test_login.py:11: AssertionError","flaky":false,"newFailed":false,"newBroken":false,"newPassed":false,"retriesCount":0,"retriesStatusChange":false,"beforeStages":[{"name":"pytestconfig","time":{"start":1764415880388,"stop":1764415880389,"duration":1},"status":"passed","steps":[],"attachments":[],"parameters":[],"shouldDisplayMessage":false,"stepsCount":0,"attachmentsCount":0,"hasContent":false,"attachmentStep":false},{"name":"driver","time":{"start":1764415880389,"stop":1764415885403,"duration":5014},"status":"passed","steps":[],"attachments":[],"parameters":[],"shouldDisplayMessage":false,"stepsCount":0,"attachmentsCount":0,"hasContent":false,"attachmentStep":false},{"name":"base_url","time":{"start":1764415885403,"stop":1764415885403,"duration":0},"status":"passed","steps":[],"attachments":[],"parameters":[],"shouldDisplayMessage":false,"stepsCount":0,"attachmentsCount":0,"hasContent":false,"attachmentStep":false}],"testStage":{"description":"Test successful login with valid credentials from JSON","status":"failed","statusMessage":"AssertionError: Login failed!\nassert False\n +  where False = login_to_hrms()\n +    where login_to_hrms = <actions.login_actions.LoginActions object at 0x7fd3e7ec5130>.login_to_hrms","statusTrace":"driver = <selenium.webdriver.chrome.webdriver.WebDriver (session=\"2a93ec45b794ba763e0efa04c3c6d84b\")>\nbase_url = 'http://phyelements.com'\n\n    @allure.feature(\"Login\")\n    @allure.story(\"HRMS Google Login\")\n    def test_hrms_login(driver, base_url):\n        \"\"\"Test successful login with valid credentials from JSON\"\"\"\n        login = LoginActions(driver, base_url)\n    \n        with allure.step(\"Perform Google Login\"):\n>           assert login.login_to_hrms(), \"Login failed!\"\nE           AssertionError: Login failed!\nE           assert False\nE            +  where False = login_to_hrms()\nE            +    where login_to_hrms = <actions.login_actions.LoginActions object at 0x7fd3e7ec5130>.login_to_hrms\n\ntests/test_login.py:11: AssertionError","steps":[{"name":"Perform Google Login","time":{"start":1764415885404,"stop":1764415961911,"duration":76507},"status":"failed","statusMessage":"AssertionError: Login failed!\nassert False\n +  where False = login_to_hrms()\n +    where login_to_hrms = <actions.login_actions.LoginActions object at 0x7fd3e7ec5130>.login_to_hrms\n","statusTrace":"  File \"/home/runner/work/phyeTestHRMS/phyeTestHRMS/tests/test_login.py\", line 11, in test_hrms_login\n    assert login.login_to_hrms(), \"Login failed!\"\n","steps":[],"attachments":[],"parameters":[],"shouldDisplayMessage":true,"stepsCount":0,"attachmentsCount":0,"hasContent":true,"attachmentStep":false}],"attachments":[{"uid":"9e9e86bdda9e6b25","name":"stdout","source":"9e9e86bdda9e6b25.txt","type":"text/plain","size":993}],"parameters":[],"shouldDisplayMessage":true,"stepsCount":1,"attachmentsCount":1,"hasContent":true,"attachmentStep":false},"afterStages":[{"name":"driver::0","time":{"start":1764415961933,"stop":1764415962009,"duration":76},"status":"passed","steps":[],"attachments":[],"parameters":[],"shouldDisplayMessage":false,"stepsCount":0,"attachmentsCount":0,"hasContent":false,"attachmentStep":false}],"labels":[{"name":"feature","value":"Login"},{"name":"story","value":"HRMS Google Login"},{"name":"parentSuite","value":"tests"},{"name":"suite","value":"test_login"},{"name":"host","value":"runnervmg1sw1"},{"name":"thread","value":"2571-MainThread"},{"name":"framework","value":"pytest"},{"name":"language","value":"cpython3"},{"name":"package","value":"tests.test_login"},{"name":"resultFormat","value":"allure2"}],"parameters":[],"links":[],"hidden":false,"retry":false,"extra":{"severity":"normal","retries":[],"categories":[{"name":"Product defects","matchedStatuses":[],"flaky":false}],"tags":[]},"source":"b57a155970468adb.json","parameterValues":[]}